Arguments: 
  C:\Program Files\nodejs\node.exe C:\Program Files (x86)\Yarn\bin\yarn.js

PATH: 
  C:\Program Files (x86)\NVIDIA Corporation\PhysX\Common;C:\Program Files (x86)\Intel\iCLS Client\;C:\Program Files\Intel\iCLS Client\;C:\WINDOWS\system32;C:\WINDOWS;C:\WINDOWS\System32\Wbem;C:\WINDOWS\System32\WindowsPowerShell\v1.0\;C:\Program Files (x86)\Intel\Intel(R) Management Engine Components\DAL;C:\Program Files\Intel\Intel(R) Management Engine Components\DAL;C:\Program Files (x86)\Intel\Intel(R) Management Engine Components\IPT;C:\Program Files\Intel\Intel(R) Management Engine Components\IPT;C:\Program Files\Microsoft VS Code\bin;C:\WINDOWS\System32\OpenSSH\;C:\Android;C:\Windows\System32;C:\TDM-GCC-64\bin;C:\Program Files\Java\jdk-12.0.2\bin;C:\Program Files\Git\cmd;C:\Program Files\nodejs\;C:\Program Files (x86)\Yarn\bin\;C:\ProgramData\chocolatey\bin;C:\Program Files\dotnet\;C:\Program Files (x86)\dotnet\;C:\Users\Dell\.windows-build-tools\python27\;C:\Users\Dell\anaconda3;C:\Users\Dell\anaconda3\Library\mingw-w64\bin;C:\Users\Dell\anaconda3\Library\usr\bin;C:\Users\Dell\anaconda3\Library\bin;C:\Users\Dell\anaconda3\Scripts;C:\Program Files\MySQL\MySQL Shell 8.0\bin\;C:\Users\Dell\AppData\Local\Microsoft\WindowsApps;C:\Program Files\Java\jdk-12.0.2\bin;C:\Users\Dell\AppData\Roaming\npm;C:\Users\Dell\AppData\Local\Yarn\bin;C:\Web Development\Back-End Development\nodejs\MongoDB\bin; C:\opencv\build\x86\vc14\bin;E:\Adventum\brain_web\env\Scripts;C:\Users\Dell\AppData\Local\Microsoft\WindowsApps\PythonSoftwareFoundation.Python.3.8_qbz5n2kfra8p0\python.exe;E:\heroku\bin

Yarn version: 
  1.19.1

Node version: 
  13.0.1

Platform: 
  win32 x64

Trace: 
  Error: getaddrinfo ENOTFOUND registry.yarnpkg.com
      at GetAddrInfoReqWrap.onlookup [as oncomplete] (dns.js:60:26)

npm manifest: 
  {
    "name": "server",
    "version": "1.0.0",
    "description": "Server for my project",
    "main": "index.js",
    "scripts": {
      "test": "echo \"Error: no test specified\" && exit 1",
      "start": "node index.js"
    },
    "author": "Bibek koirala",
    "license": "ISC",
    "dependencies": {
      "body-parser": "^1.19.0",
      "cors": "^2.8.5",
      "express": "^4.17.1",
      "ws": "^7.3.1",
      "morgan": "^1.10.0",
      "mongodb": "^3.5.8",
      "mongoose": "^5.9.16",
      "jsonwebtoken": "^8.5.1",
      "cookie-parser": "^1.4.5",
      "passport": "^0.4.1",
      "passport-jwt": "^4.0.0",
      "passport-local": "^1.0.0",
      "passport-local-mongoose": "^6.0.1"
    }
  }

yarn manifest: 
  No manifest

Lockfile: 
  No lockfile
